{"/mnt/c/Users/DELL-LA34/Desktop/Universidad/ISC_2026-I/MANTENIEMIENTO DE SOFTWARE/Unidad 2-actividad 2/fintech-plus/src/transaction.js": {"path":"/mnt/c/Users/DELL-LA34/Desktop/Universidad/ISC_2026-I/MANTENIEMIENTO DE SOFTWARE/Unidad 2-actividad 2/fintech-plus/src/transaction.js","statementMap":{"0":{"start":{"line":2,"column":4},"end":{"line":2,"column":28}},"1":{"start":{"line":5,"column":0},"end":{"line":5,"column":30}}},"fnMap":{"0":{"name":"transfer","decl":{"start":{"line":1,"column":9},"end":{"line":1,"column":17}},"loc":{"start":{"line":1,"column":35},"end":{"line":3,"column":1}},"line":1}},"branchMap":{},"s":{"0":1,"1":1},"f":{"0":1},"b":{},"_coverageSchema":"1a1c01bbd47fc00a2c39e90264f33305004495a9","hash":"4cabe2521d2f0c6eb03b2f4fe887ccb0631d0121"}
}
